[debug] [2023-06-30T04:13:46.345Z] ----------------------------------------------------------------------
[debug] [2023-06-30T04:13:46.348Z] Command:       /usr/local/bin/node /usr/local/bin/firebase init hosting
[debug] [2023-06-30T04:13:46.349Z] CLI Version:   12.4.2
[debug] [2023-06-30T04:13:46.349Z] Platform:      darwin
[debug] [2023-06-30T04:13:46.349Z] Node Version:  v19.3.0
[debug] [2023-06-30T04:13:46.349Z] Time:          Fri Jun 30 2023 11:13:46 GMT+0700 (Western Indonesia Time)
[debug] [2023-06-30T04:13:46.349Z] ----------------------------------------------------------------------
[debug] 
[debug] [2023-06-30T04:13:46.409Z] > command requires scopes: ["email","openid","https://www.googleapis.com/auth/cloudplatformprojects.readonly","https://www.googleapis.com/auth/firebase","https://www.googleapis.com/auth/cloud-platform"]
[debug] [2023-06-30T04:13:46.410Z] > authorizing via signed-in user (ktyoedha@gmail.com)
[info] 
     ######## #### ########  ######## ########     ###     ######  ########
     ##        ##  ##     ## ##       ##     ##  ##   ##  ##       ##
     ######    ##  ########  ######   ########  #########  ######  ######
     ##        ##  ##    ##  ##       ##     ## ##     ##       ## ##
     ##       #### ##     ## ######## ########  ##     ##  ######  ########

You're about to initialize a Firebase project in this directory:

  /Users/ktyudha/Project/nabung

Before we get started, keep in mind:

  * You are initializing within an existing Firebase project directory

[info] 
=== Project Setup
[info] 
[info] First, let's associate this project directory with a Firebase project.
[info] You can create multiple project aliases by running firebase use --add, 
[info] but for now we'll just set up a default project.
[info] 
[debug] [2023-06-30T04:13:46.413Z] Using project from CLI flag: celenga-berkah
[debug] [2023-06-30T04:13:46.414Z] > refreshing access token with scopes: []
[debug] [2023-06-30T04:13:46.416Z] >>> [apiv2][query] POST https://www.googleapis.com/oauth2/v3/token [none]
[debug] [2023-06-30T04:13:46.416Z] >>> [apiv2][body] POST https://www.googleapis.com/oauth2/v3/token [omitted]
[debug] [2023-06-30T04:13:46.611Z] <<< [apiv2][status] POST https://www.googleapis.com/oauth2/v3/token 200
[debug] [2023-06-30T04:13:46.611Z] <<< [apiv2][body] POST https://www.googleapis.com/oauth2/v3/token [omitted]
[debug] [2023-06-30T04:13:46.659Z] >>> [apiv2][query] GET https://firebase.googleapis.com/v1beta1/projects/celenga-berkah [none]
[debug] [2023-06-30T04:13:47.209Z] <<< [apiv2][status] GET https://firebase.googleapis.com/v1beta1/projects/celenga-berkah 200
[debug] [2023-06-30T04:13:47.210Z] <<< [apiv2][body] GET https://firebase.googleapis.com/v1beta1/projects/celenga-berkah {"projectId":"celenga-berkah","projectNumber":"900568963957","displayName":"celenga berkah","name":"projects/celenga-berkah","resources":{"hostingSite":"celenga-berkah","realtimeDatabaseInstance":"celenga-berkah-default-rtdb"},"state":"ACTIVE","etag":"1_ccf877b0-3d5b-4376-b178-45a4b40c9688"}
[info] i  Using project celenga-berkah (celenga berkah) 
[info] 
=== Hosting Setup
[info] 
[info] Your public directory is the folder (relative to your project directory) that
[info] will contain Hosting assets to be uploaded with firebase deploy. If you
[info] have a build process for your assets, use your build's output directory.
[info] 
